Using pre-set license
Built from '2020.3/staging' branch; Version is '2020.3.4f1 (0abb6314276a) revision 703331'; Using compiler version '192528614'; Build Type 'Release'
OS: 'Windows 10 Pro; OS build 19044.2965; Version 2009; 64bit' Language: 'es' Physical Memory: 7959 MB
BatchMode: 1, IsHumanControllingUs: 0, StartBugReporterOnCrash: 0, Is64bit: 1, IsPro: 0

 COMMAND LINE ARGUMENTS:
D:\Unity\2020.3.4f1\Editor\Unity.exe
-adb2
-batchMode
-noUpm
-name
AssetImportWorker0
-projectPath
C:/Users/Usuario/pantalla
-logFile
Logs/AssetImportWorker0.log
-srvPort
53095
Successfully changed project path to: C:/Users/Usuario/pantalla
C:/Users/Usuario/pantalla
Using Asset Import Pipeline V2.
Refreshing native plugins compatible for Editor in 55.70 ms, found 0 plugins.
Preloading 0 native plugins for Editor in 0.00 ms.
Initialize engine version: 2020.3.4f1 (0abb6314276a)
[Subsystems] Discovering subsystems at path D:/Unity/2020.3.4f1/Editor/Data/Resources/UnitySubsystems
[Subsystems] Discovering subsystems at path C:/Users/Usuario/pantalla/Assets
GfxDevice: creating device client; threaded=0
Direct3D:
    Version:  Direct3D 11.0 [level 11.1]
    Renderer: Intel(R) UHD Graphics (ID=0x8a56)
    Vendor:   
    VRAM:     3979 MB
    Driver:   27.20.100.9365
Initialize mono
Mono path[0] = 'D:/Unity/2020.3.4f1/Editor/Data/Managed'
Mono path[1] = 'D:/Unity/2020.3.4f1/Editor/Data/MonoBleedingEdge/lib/mono/unityjit'
Mono config path = 'D:/Unity/2020.3.4f1/Editor/Data/MonoBleedingEdge/etc'
Using monoOptions --debugger-agent=transport=dt_socket,embedding=1,server=y,suspend=n,address=127.0.0.1:56684
Begin MonoManager ReloadAssembly
Registering precompiled unity dll's ...
Register platform support module: D:/Unity/2020.3.4f1/Editor/Data/PlaybackEngines/WindowsStandaloneSupport/UnityEditor.WindowsStandalone.Extensions.dll
Registered in 0.028713 seconds.
Native extension for WindowsStandalone target not found
Refreshing native plugins compatible for Editor in 58.37 ms, found 0 plugins.
Preloading 0 native plugins for Editor in 0.00 ms.
Mono: successfully reloaded assembly
- Completed reload, in  8.707 seconds
Platform modules already initialized, skipping
Registering precompiled user dll's ...
Registered in 0.002851 seconds.
Begin MonoManager ReloadAssembly
Native extension for WindowsStandalone target not found
Refreshing native plugins compatible for Editor in 0.27 ms, found 0 plugins.
Preloading 0 native plugins for Editor in 0.00 ms.
Mono: successfully reloaded assembly
- Completed reload, in  1.491 seconds
Platform modules already initialized, skipping
========================================================================
Worker process is ready to serve import requests
Launched and connected shader compiler UnityShaderCompiler.exe after 0.32 seconds
Refreshing native plugins compatible for Editor in 0.17 ms, found 0 plugins.
Preloading 0 native plugins for Editor in 0.00 ms.
Unloading 1117 Unused Serialized files (Serialized files now loaded: 0)
System memory in use before: 57.2 MB.
System memory in use after: 57.3 MB.

Unloading 10 unused Assets to reduce memory usage. Loaded Objects now: 1560.
Total: 3.366600 ms (FindLiveObjects: 0.182300 ms CreateObjectMapping: 0.065100 ms MarkObjects: 2.951900 ms  DeleteObjects: 0.165800 ms)

========================================================================
Received Import Request.
  path: Assets/Prefab/PantallaEpicas.prefab
  artifactKey: Guid(08933192a93c4644fbccd6197c11376e) Importer(815301076,1909f56bfc062723c751e8b465ee728b)
Start importing Assets/Prefab/PantallaEpicas.prefab using Guid(08933192a93c4644fbccd6197c11376e) Importer(815301076,1909f56bfc062723c751e8b465ee728b)  -> (artifact id: 'c85687bf009a511c1d93a3953f881db8') in 0.241278 seconds
  Import took 0.246582 seconds .

========================================================================
Received Import Request.
  Time since last request: 4.098555 seconds.
  path: Assets/Prefab/PantallaEpicas.prefab
  artifactKey: Guid(08933192a93c4644fbccd6197c11376e) Importer(815301076,1909f56bfc062723c751e8b465ee728b)
Start importing Assets/Prefab/PantallaEpicas.prefab using Guid(08933192a93c4644fbccd6197c11376e) Importer(815301076,1909f56bfc062723c751e8b465ee728b)  -> (artifact id: '55e9ce518e63aef8b355823173bbeb56') in 0.006139 seconds
  Import took 0.009827 seconds .

========================================================================
Received Import Request.
  Time since last request: 12.476885 seconds.
  path: Assets/Prefab/PantallaEpicas.prefab
  artifactKey: Guid(08933192a93c4644fbccd6197c11376e) Importer(815301076,1909f56bfc062723c751e8b465ee728b)
Start importing Assets/Prefab/PantallaEpicas.prefab using Guid(08933192a93c4644fbccd6197c11376e) Importer(815301076,1909f56bfc062723c751e8b465ee728b)  -> (artifact id: '9ce8599d0c875b3762efa6cde2956fb4') in 0.009746 seconds
  Import took 0.015370 seconds .

========================================================================
Received Import Request.
  Time since last request: 6.036100 seconds.
  path: Assets/Prefab/PantallaEpicas.prefab
  artifactKey: Guid(08933192a93c4644fbccd6197c11376e) Importer(815301076,1909f56bfc062723c751e8b465ee728b)
Start importing Assets/Prefab/PantallaEpicas.prefab using Guid(08933192a93c4644fbccd6197c11376e) Importer(815301076,1909f56bfc062723c751e8b465ee728b)  -> (artifact id: '2de509c84ba62ae7ad099d945790e625') in 0.007916 seconds
  Import took 0.014476 seconds .

========================================================================
Received Import Request.
  Time since last request: 21.509762 seconds.
  path: Assets/Prefab/PantallaEpicas.prefab
  artifactKey: Guid(08933192a93c4644fbccd6197c11376e) Importer(815301076,1909f56bfc062723c751e8b465ee728b)
Start importing Assets/Prefab/PantallaEpicas.prefab using Guid(08933192a93c4644fbccd6197c11376e) Importer(815301076,1909f56bfc062723c751e8b465ee728b)  -> (artifact id: 'ffc9385e9b1fbf9a985080233f73330c') in 0.005322 seconds
  Import took 0.008797 seconds .

========================================================================
Received Import Request.
  Time since last request: 8.678544 seconds.
  path: Assets/Prefab/PantallaEpicas.prefab
  artifactKey: Guid(08933192a93c4644fbccd6197c11376e) Importer(815301076,1909f56bfc062723c751e8b465ee728b)
Start importing Assets/Prefab/PantallaEpicas.prefab using Guid(08933192a93c4644fbccd6197c11376e) Importer(815301076,1909f56bfc062723c751e8b465ee728b)  -> (artifact id: 'ee401cea0247bb6dc5838d9db8af5372') in 0.005030 seconds
  Import took 0.009660 seconds .

========================================================================
Received Prepare
Registering precompiled user dll's ...
Registered in 0.001185 seconds.
Begin MonoManager ReloadAssembly
Native extension for WindowsStandalone target not found
Refreshing native plugins compatible for Editor in 0.21 ms, found 0 plugins.
Preloading 0 native plugins for Editor in 0.00 ms.
Mono: successfully reloaded assembly
- Completed reload, in  1.223 seconds
Platform modules already initialized, skipping
Refreshing native plugins compatible for Editor in 0.21 ms, found 0 plugins.
Preloading 0 native plugins for Editor in 0.00 ms.
Unloading 1112 Unused Serialized files (Serialized files now loaded: 0)
System memory in use before: 57.2 MB.
System memory in use after: 57.3 MB.

Unloading 7 unused Assets to reduce memory usage. Loaded Objects now: 1565.
Total: 1.651300 ms (FindLiveObjects: 0.122600 ms CreateObjectMapping: 0.158300 ms MarkObjects: 1.285800 ms  DeleteObjects: 0.083500 ms)

========================================================================
Received Import Request.
  Time since last request: 24.797588 seconds.
  path: Assets/Prefab/PantallaEpicas.prefab
  artifactKey: Guid(08933192a93c4644fbccd6197c11376e) Importer(815301076,1909f56bfc062723c751e8b465ee728b)
Start importing Assets/Prefab/PantallaEpicas.prefab using Guid(08933192a93c4644fbccd6197c11376e) Importer(815301076,1909f56bfc062723c751e8b465ee728b)  -> (artifact id: '4cfd39fc5401048432d49c946c1afa90') in 0.069974 seconds
  Import took 0.073895 seconds .

========================================================================
Received Import Request.
  Time since last request: 2.715073 seconds.
  path: Assets/Prefab/PantallaEpicas.prefab
  artifactKey: Guid(08933192a93c4644fbccd6197c11376e) Importer(815301076,1909f56bfc062723c751e8b465ee728b)
Start importing Assets/Prefab/PantallaEpicas.prefab using Guid(08933192a93c4644fbccd6197c11376e) Importer(815301076,1909f56bfc062723c751e8b465ee728b)  -> (artifact id: '1224a0f4d469d7a1dd857eb56306c33f') in 0.008617 seconds
  Import took 0.012984 seconds .

========================================================================
Received Import Request.
  Time since last request: 5.434878 seconds.
  path: Assets/Prefab/PantallaEpicas.prefab
  artifactKey: Guid(08933192a93c4644fbccd6197c11376e) Importer(815301076,1909f56bfc062723c751e8b465ee728b)
Start importing Assets/Prefab/PantallaEpicas.prefab using Guid(08933192a93c4644fbccd6197c11376e) Importer(815301076,1909f56bfc062723c751e8b465ee728b)  -> (artifact id: '6bdafb05ab25b573aa470a552c07dcce') in 0.008431 seconds
  Import took 0.014227 seconds .

========================================================================
Received Prepare
Registering precompiled user dll's ...
Registered in 0.001352 seconds.
Begin MonoManager ReloadAssembly
Native extension for WindowsStandalone target not found
Refreshing native plugins compatible for Editor in 0.19 ms, found 0 plugins.
Preloading 0 native plugins for Editor in 0.00 ms.
Mono: successfully reloaded assembly
- Completed reload, in  1.485 seconds
Platform modules already initialized, skipping
Refreshing native plugins compatible for Editor in 0.19 ms, found 0 plugins.
Preloading 0 native plugins for Editor in 0.00 ms.
Unloading 1112 Unused Serialized files (Serialized files now loaded: 0)
System memory in use before: 57.3 MB.
System memory in use after: 57.3 MB.

Unloading 7 unused Assets to reduce memory usage. Loaded Objects now: 1568.
Total: 2.881300 ms (FindLiveObjects: 0.239000 ms CreateObjectMapping: 0.044400 ms MarkObjects: 2.514400 ms  DeleteObjects: 0.082000 ms)

========================================================================
Received Import Request.
  Time since last request: 16.984486 seconds.
  path: Assets/Prefab/PantallaEpicas.prefab
  artifactKey: Guid(08933192a93c4644fbccd6197c11376e) Importer(815301076,1909f56bfc062723c751e8b465ee728b)
Start importing Assets/Prefab/PantallaEpicas.prefab using Guid(08933192a93c4644fbccd6197c11376e) Importer(815301076,1909f56bfc062723c751e8b465ee728b)  -> (artifact id: 'c063fe7172eb121488ef74cb6baf3bda') in 0.087153 seconds
  Import took 0.091181 seconds .

========================================================================
Received Import Request.
  Time since last request: 1.531048 seconds.
  path: Assets/Prefab/PantallaEpicas.prefab
  artifactKey: Guid(08933192a93c4644fbccd6197c11376e) Importer(815301076,1909f56bfc062723c751e8b465ee728b)
Start importing Assets/Prefab/PantallaEpicas.prefab using Guid(08933192a93c4644fbccd6197c11376e) Importer(815301076,1909f56bfc062723c751e8b465ee728b)  -> (artifact id: 'bbe26f9174c0fa25bf6427e1cacdcbf3') in 0.008986 seconds
  Import took 0.014311 seconds .

========================================================================
Received Prepare
Registering precompiled user dll's ...
Registered in 0.001018 seconds.
Begin MonoManager ReloadAssembly
Native extension for WindowsStandalone target not found
Refreshing native plugins compatible for Editor in 0.27 ms, found 0 plugins.
Preloading 0 native plugins for Editor in 0.00 ms.
Mono: successfully reloaded assembly
- Completed reload, in  1.762 seconds
Platform modules already initialized, skipping
Refreshing native plugins compatible for Editor in 0.35 ms, found 0 plugins.
Preloading 0 native plugins for Editor in 0.00 ms.
Unloading 1112 Unused Serialized files (Serialized files now loaded: 0)
System memory in use before: 57.3 MB.
System memory in use after: 57.3 MB.

Unloading 7 unused Assets to reduce memory usage. Loaded Objects now: 1571.
Total: 2.856200 ms (FindLiveObjects: 0.313900 ms CreateObjectMapping: 0.092600 ms MarkObjects: 2.331000 ms  DeleteObjects: 0.116400 ms)

========================================================================
Received Import Request.
  Time since last request: 32.768273 seconds.
  path: Assets/Prefab/PantallaEpicas.prefab
  artifactKey: Guid(08933192a93c4644fbccd6197c11376e) Importer(815301076,1909f56bfc062723c751e8b465ee728b)
Start importing Assets/Prefab/PantallaEpicas.prefab using Guid(08933192a93c4644fbccd6197c11376e) Importer(815301076,1909f56bfc062723c751e8b465ee728b)  -> (artifact id: 'bf7b0a4b0472140cf7c02fb08021540b') in 0.081822 seconds
  Import took 0.089523 seconds .

========================================================================
Received Import Request.
  Time since last request: 15.000540 seconds.
  path: Assets/Prefab/PantallaEpicas.prefab
  artifactKey: Guid(08933192a93c4644fbccd6197c11376e) Importer(815301076,1909f56bfc062723c751e8b465ee728b)
Start importing Assets/Prefab/PantallaEpicas.prefab using Guid(08933192a93c4644fbccd6197c11376e) Importer(815301076,1909f56bfc062723c751e8b465ee728b)  -> (artifact id: '1e103da1a103ce82ec38da69035bedc5') in 0.008582 seconds
  Import took 0.014609 seconds .

========================================================================
Received Prepare
Registering precompiled user dll's ...
Registered in 0.002035 seconds.
Begin MonoManager ReloadAssembly
Native extension for WindowsStandalone target not found
Refreshing native plugins compatible for Editor in 0.26 ms, found 0 plugins.
Preloading 0 native plugins for Editor in 0.00 ms.
Mono: successfully reloaded assembly
- Completed reload, in  1.392 seconds
Platform modules already initialized, skipping
Refreshing native plugins compatible for Editor in 0.38 ms, found 0 plugins.
Preloading 0 native plugins for Editor in 0.00 ms.
Unloading 1112 Unused Serialized files (Serialized files now loaded: 0)
System memory in use before: 57.3 MB.
System memory in use after: 57.4 MB.

Unloading 7 unused Assets to reduce memory usage. Loaded Objects now: 1574.
Total: 4.409200 ms (FindLiveObjects: 0.120400 ms CreateObjectMapping: 0.030400 ms MarkObjects: 3.962700 ms  DeleteObjects: 0.293900 ms)

========================================================================
Received Import Request.
  Time since last request: 25.060220 seconds.
  path: Assets/Prefab/PantallaEpicas.prefab
  artifactKey: Guid(08933192a93c4644fbccd6197c11376e) Importer(815301076,1909f56bfc062723c751e8b465ee728b)
Start importing Assets/Prefab/PantallaEpicas.prefab using Guid(08933192a93c4644fbccd6197c11376e) Importer(815301076,1909f56bfc062723c751e8b465ee728b)  -> (artifact id: '094c30c8baebc98b140bcd094e6a8843') in 0.085799 seconds
  Import took 0.090225 seconds .

========================================================================
Received Prepare
Registering precompiled user dll's ...
Registered in 0.001167 seconds.
Begin MonoManager ReloadAssembly
Native extension for WindowsStandalone target not found
Refreshing native plugins compatible for Editor in 0.33 ms, found 0 plugins.
Preloading 0 native plugins for Editor in 0.00 ms.
Mono: successfully reloaded assembly
- Completed reload, in  1.347 seconds
Platform modules already initialized, skipping
Refreshing native plugins compatible for Editor in 0.31 ms, found 0 plugins.
Preloading 0 native plugins for Editor in 0.00 ms.
Unloading 1112 Unused Serialized files (Serialized files now loaded: 0)
System memory in use before: 57.3 MB.
System memory in use after: 57.4 MB.

Unloading 7 unused Assets to reduce memory usage. Loaded Objects now: 1577.
Total: 1.895500 ms (FindLiveObjects: 0.176800 ms CreateObjectMapping: 0.067900 ms MarkObjects: 1.539300 ms  DeleteObjects: 0.109600 ms)

========================================================================
Received Prepare
Registering precompiled user dll's ...
Registered in 0.002167 seconds.
Begin MonoManager ReloadAssembly
Native extension for WindowsStandalone target not found
Refreshing native plugins compatible for Editor in 0.19 ms, found 0 plugins.
Preloading 0 native plugins for Editor in 0.00 ms.
Mono: successfully reloaded assembly
- Completed reload, in  1.486 seconds
Platform modules already initialized, skipping
Refreshing native plugins compatible for Editor in 0.26 ms, found 0 plugins.
Preloading 0 native plugins for Editor in 0.00 ms.
Unloading 1112 Unused Serialized files (Serialized files now loaded: 0)
System memory in use before: 57.3 MB.
System memory in use after: 57.4 MB.

Unloading 5 unused Assets to reduce memory usage. Loaded Objects now: 1580.
Total: 3.135900 ms (FindLiveObjects: 0.186100 ms CreateObjectMapping: 0.030900 ms MarkObjects: 2.792500 ms  DeleteObjects: 0.124400 ms)

AssetImportWorkerClient::OnTransportError - code=2 error=End of file
